WARNING 2026-05-26 22:32:34,609 pid=1031 middleware:34  POST /api/v1/auth/register/ → 400 (2.2ms) user=- size=96B
WARNING 2026-05-26 22:32:34,610 pid=1031 django.request:241  Bad Request: /api/v1/auth/register/
WARNING 2026-05-26 22:32:34,756 pid=1031 middleware:34  POST /api/v1/auth/register/ → 400 (1.5ms) user=- size=116B
WARNING 2026-05-26 22:32:34,757 pid=1031 django.request:241  Bad Request: /api/v1/auth/register/
WARNING 2026-05-26 22:32:34,760 pid=1031 middleware:34  POST /api/v1/auth/register/ → 400 (1.7ms) user=- size=138B
WARNING 2026-05-26 22:32:34,760 pid=1031 django.request:241  Bad Request: /api/v1/auth/register/
WARNING 2026-05-26 22:32:34,763 pid=1031 middleware:34  POST /api/v1/auth/register/ → 400 (1.1ms) user=- size=90B
WARNING 2026-05-26 22:32:34,764 pid=1031 django.request:241  Bad Request: /api/v1/auth/register/
WARNING 2026-05-26 22:32:35,680 pid=1031 middleware:34  POST /api/v1/auth/login/ → 401 (164.6ms) user=- size=63B
WARNING 2026-05-26 22:32:35,680 pid=1031 django.request:241  Unauthorized: /api/v1/auth/login/
WARNING 2026-05-26 22:32:35,829 pid=1031 middleware:34  POST /api/v1/auth/login/ → 401 (145.4ms) user=- size=63B
WARNING 2026-05-26 22:32:35,829 pid=1031 django.request:241  Unauthorized: /api/v1/auth/login/
WARNING 2026-05-26 22:32:35,975 pid=1031 middleware:34  POST /api/v1/auth/login/ → 400 (0.4ms) user=- size=96B
WARNING 2026-05-26 22:32:35,975 pid=1031 django.request:241  Bad Request: /api/v1/auth/login/
WARNING 2026-05-26 22:32:35,977 pid=1031 middleware:34  GET /api/v1/auth/me/ → 401 (0.4ms) user=- size=58B
WARNING 2026-05-26 22:32:35,978 pid=1031 django.request:241  Unauthorized: /api/v1/auth/me/
WARNING 2026-05-26 22:32:37,579 pid=1031 middleware:34  POST /api/v1/auth/change-password/ → 400 (141.1ms) user=16 size=38B
WARNING 2026-05-26 22:32:37,580 pid=1031 django.request:241  Bad Request: /api/v1/auth/change-password/
WARNING 2026-05-26 22:32:37,724 pid=1031 middleware:34  POST /api/v1/auth/change-password/ → 400 (0.4ms) user=17 size=104B
WARNING 2026-05-26 22:32:37,725 pid=1031 django.request:241  Bad Request: /api/v1/auth/change-password/
WARNING 2026-05-26 22:32:38,017 pid=1031 middleware:34  POST /api/v1/auth/logout/ → 401 (0.2ms) user=- size=58B
WARNING 2026-05-26 22:32:38,017 pid=1031 django.request:241  Unauthorized: /api/v1/auth/logout/
WARNING 2026-05-26 22:32:38,212 pid=1031 apps.accounts.views:54  Logout failed (bad/missing refresh token): Token is invalid or expired
WARNING 2026-05-26 22:32:38,212 pid=1031 middleware:34  POST /api/v1/auth/logout/ → 400 (0.7ms) user=19 size=27B
WARNING 2026-05-26 22:32:38,213 pid=1031 django.request:241  Bad Request: /api/v1/auth/logout/
WARNING 2026-05-26 22:32:38,363 pid=1031 apps.accounts.views:54  Logout failed (bad/missing refresh token): 'refresh'
WARNING 2026-05-26 22:32:38,363 pid=1031 middleware:34  POST /api/v1/auth/logout/ → 400 (0.6ms) user=20 size=27B
WARNING 2026-05-26 22:32:38,364 pid=1031 django.request:241  Bad Request: /api/v1/auth/logout/
WARNING 2026-05-26 22:32:38,801 pid=1031 middleware:34  GET /api/v1/appliances/ → 401 (0.4ms) user=- size=58B
WARNING 2026-05-26 22:32:38,801 pid=1031 django.request:241  Unauthorized: /api/v1/appliances/
WARNING 2026-05-26 22:32:38,803 pid=1031 middleware:34  POST /api/v1/appliances/analyze/ → 401 (0.3ms) user=- size=58B
WARNING 2026-05-26 22:32:38,803 pid=1031 django.request:241  Unauthorized: /api/v1/appliances/analyze/
WARNING 2026-05-26 22:32:40,296 pid=1031 middleware:34  GET /api/v1/appliances/15/ → 404 (0.9ms) user=32 size=54B
WARNING 2026-05-26 22:32:40,297 pid=1031 django.request:241  Not Found: /api/v1/appliances/15/
WARNING 2026-05-26 22:32:40,300 pid=1031 middleware:34  GET /api/v1/appliances/catalog/ → 401 (0.2ms) user=- size=58B
WARNING 2026-05-26 22:32:40,300 pid=1031 django.request:241  Unauthorized: /api/v1/appliances/catalog/
WARNING 2026-05-26 22:32:41,219 pid=1031 middleware:34  POST /api/v1/appliances/optimize/ → 400 (1.0ms) user=39 size=96B
WARNING 2026-05-26 22:32:41,219 pid=1031 django.request:241  Bad Request: /api/v1/appliances/optimize/
WARNING 2026-05-26 22:32:41,379 pid=1031 middleware:34  POST /api/v1/appliances/optimize/ → 400 (1.2ms) user=40 size=96B
WARNING 2026-05-26 22:32:41,380 pid=1031 django.request:241  Bad Request: /api/v1/appliances/optimize/
WARNING 2026-05-26 22:32:41,384 pid=1031 middleware:34  GET /api/v1/budget/ → 401 (0.3ms) user=- size=58B
WARNING 2026-05-26 22:32:41,385 pid=1031 django.request:241  Unauthorized: /api/v1/budget/
WARNING 2026-05-26 22:32:41,530 pid=1031 middleware:34  GET /api/v1/budget/ → 404 (0.7ms) user=41 size=34B
WARNING 2026-05-26 22:32:41,530 pid=1031 django.request:241  Not Found: /api/v1/budget/
ERROR 2026-05-26 22:32:43,660 pid=1031 tasks.cycle_tasks:263  User 55: LESCO fetch trigger failed: Aggregate functions are not allowed in this query (celery_task_id=<MagicMock name='delay().id.resolve_expression().resolve_expression()' id='281472783877328'>).. Falling back to direct predict.
ERROR 2026-05-26 22:32:44,038 pid=1031 tasks.cycle_tasks:263  User 57: LESCO fetch trigger failed: fetch boom. Falling back to direct predict.
WARNING 2026-05-26 22:32:44,190 pid=1031 tasks.cycle_tasks:120  User 58: IoT query failed in rollover: DB gone
ERROR 2026-05-26 22:32:44,195 pid=1031 tasks.cycle_tasks:263  User 58: LESCO fetch trigger failed: Aggregate functions are not allowed in this query (celery_task_id=<MagicMock name='delay().id.resolve_expression().resolve_expression()' id='281472763285584'>).. Falling back to direct predict.
WARNING 2026-05-26 22:32:48,073 pid=1031 middleware:34  GET /api/v1/predictions/context/ → 404 (12.3ms) user=- size=179B
WARNING 2026-05-26 22:32:48,075 pid=1031 django.request:241  Not Found: /api/v1/predictions/context/
WARNING 2026-05-26 22:32:48,224 pid=1031 middleware:34  POST /api/v1/predictions/generate/ → 400 (1.3ms) user=80 size=105B
WARNING 2026-05-26 22:32:48,224 pid=1031 django.request:241  Bad Request: /api/v1/predictions/generate/
WARNING 2026-05-26 22:32:48,372 pid=1031 middleware:34  POST /api/v1/predictions/generate/ → 400 (1.3ms) user=81 size=105B
WARNING 2026-05-26 22:32:48,372 pid=1031 django.request:241  Bad Request: /api/v1/predictions/generate/
WARNING 2026-05-26 22:32:48,838 pid=1031 middleware:34  POST /api/v1/predictions/generate/ → 401 (0.4ms) user=- size=58B
WARNING 2026-05-26 22:32:48,839 pid=1031 django.request:241  Unauthorized: /api/v1/predictions/generate/
WARNING 2026-05-26 22:32:49,151 pid=1031 middleware:34  GET /api/v1/predictions/latest/ → 404 (0.8ms) user=85 size=32B
WARNING 2026-05-26 22:32:49,152 pid=1031 django.request:241  Not Found: /api/v1/predictions/latest/
WARNING 2026-05-26 22:35:05,623 pid=1124 middleware:34  POST /api/v1/auth/register/ → 400 (2.8ms) user=- size=96B
WARNING 2026-05-26 22:35:05,624 pid=1124 django.request:241  Bad Request: /api/v1/auth/register/
WARNING 2026-05-26 22:35:05,771 pid=1124 middleware:34  POST /api/v1/auth/register/ → 400 (1.7ms) user=- size=116B
WARNING 2026-05-26 22:35:05,771 pid=1124 django.request:241  Bad Request: /api/v1/auth/register/
WARNING 2026-05-26 22:35:05,775 pid=1124 middleware:34  POST /api/v1/auth/register/ → 400 (1.7ms) user=- size=138B
WARNING 2026-05-26 22:35:05,775 pid=1124 django.request:241  Bad Request: /api/v1/auth/register/
WARNING 2026-05-26 22:35:05,779 pid=1124 middleware:34  POST /api/v1/auth/register/ → 400 (1.3ms) user=- size=90B
WARNING 2026-05-26 22:35:05,779 pid=1124 django.request:241  Bad Request: /api/v1/auth/register/
WARNING 2026-05-26 22:35:06,661 pid=1124 middleware:34  POST /api/v1/auth/login/ → 401 (144.2ms) user=- size=63B
WARNING 2026-05-26 22:35:06,661 pid=1124 django.request:241  Unauthorized: /api/v1/auth/login/
WARNING 2026-05-26 22:35:06,808 pid=1124 middleware:34  POST /api/v1/auth/login/ → 401 (144.2ms) user=- size=63B
WARNING 2026-05-26 22:35:06,808 pid=1124 django.request:241  Unauthorized: /api/v1/auth/login/
WARNING 2026-05-26 22:35:06,958 pid=1124 middleware:34  POST /api/v1/auth/login/ → 400 (0.5ms) user=- size=96B
WARNING 2026-05-26 22:35:06,959 pid=1124 django.request:241  Bad Request: /api/v1/auth/login/
WARNING 2026-05-26 22:35:06,962 pid=1124 middleware:34  GET /api/v1/auth/me/ → 401 (0.5ms) user=- size=58B
WARNING 2026-05-26 22:35:06,963 pid=1124 django.request:241  Unauthorized: /api/v1/auth/me/
WARNING 2026-05-26 22:35:08,622 pid=1124 middleware:34  POST /api/v1/auth/change-password/ → 400 (142.7ms) user=16 size=38B
WARNING 2026-05-26 22:35:08,622 pid=1124 django.request:241  Bad Request: /api/v1/auth/change-password/
WARNING 2026-05-26 22:35:08,770 pid=1124 middleware:34  POST /api/v1/auth/change-password/ → 400 (0.5ms) user=17 size=104B
WARNING 2026-05-26 22:35:08,770 pid=1124 django.request:241  Bad Request: /api/v1/auth/change-password/
WARNING 2026-05-26 22:35:09,218 pid=1124 apps.accounts.views:54  Logout failed (bad/missing refresh token): Token is invalid or expired
WARNING 2026-05-26 22:35:09,218 pid=1124 middleware:34  POST /api/v1/auth/logout/ → 400 (0.8ms) user=19 size=27B
WARNING 2026-05-26 22:35:09,218 pid=1124 django.request:241  Bad Request: /api/v1/auth/logout/
WARNING 2026-05-26 22:35:09,363 pid=1124 apps.accounts.views:54  Logout failed (bad/missing refresh token): 'refresh'
WARNING 2026-05-26 22:35:09,364 pid=1124 middleware:34  POST /api/v1/auth/logout/ → 400 (0.7ms) user=20 size=27B
WARNING 2026-05-26 22:35:09,364 pid=1124 django.request:241  Bad Request: /api/v1/auth/logout/
WARNING 2026-05-26 22:35:09,828 pid=1124 middleware:34  GET /api/v1/appliances/ → 401 (0.4ms) user=- size=58B
WARNING 2026-05-26 22:35:09,828 pid=1124 django.request:241  Unauthorized: /api/v1/appliances/
WARNING 2026-05-26 22:35:09,830 pid=1124 middleware:34  POST /api/v1/appliances/analyze/ → 401 (0.4ms) user=- size=58B
WARNING 2026-05-26 22:35:09,831 pid=1124 django.request:241  Unauthorized: /api/v1/appliances/analyze/
WARNING 2026-05-26 22:35:11,338 pid=1124 middleware:34  GET /api/v1/appliances/15/ → 404 (1.1ms) user=32 size=54B
WARNING 2026-05-26 22:35:11,339 pid=1124 django.request:241  Not Found: /api/v1/appliances/15/
WARNING 2026-05-26 22:35:11,341 pid=1124 middleware:34  GET /api/v1/appliances/catalog/ → 401 (0.2ms) user=- size=58B
WARNING 2026-05-26 22:35:11,341 pid=1124 django.request:241  Unauthorized: /api/v1/appliances/catalog/
WARNING 2026-05-26 22:35:11,946 pid=1124 middleware:34  POST /api/v1/appliances/analyze/ → 400 (0.3ms) user=37 size=100B
WARNING 2026-05-26 22:35:11,947 pid=1124 django.request:241  Bad Request: /api/v1/appliances/analyze/
WARNING 2026-05-26 22:35:12,279 pid=1124 middleware:34  POST /api/v1/appliances/optimize/ → 400 (1.0ms) user=39 size=96B
WARNING 2026-05-26 22:35:12,279 pid=1124 django.request:241  Bad Request: /api/v1/appliances/optimize/
WARNING 2026-05-26 22:35:12,575 pid=1124 middleware:34  POST /api/v1/appliances/optimize/ → 400 (0.9ms) user=41 size=96B
WARNING 2026-05-26 22:35:12,576 pid=1124 django.request:241  Bad Request: /api/v1/appliances/optimize/
WARNING 2026-05-26 22:35:12,578 pid=1124 middleware:34  GET /api/v1/budget/ → 401 (0.2ms) user=- size=58B
WARNING 2026-05-26 22:35:12,579 pid=1124 django.request:241  Unauthorized: /api/v1/budget/
WARNING 2026-05-26 22:35:12,726 pid=1124 middleware:34  GET /api/v1/budget/ → 404 (0.6ms) user=42 size=34B
WARNING 2026-05-26 22:35:12,726 pid=1124 django.request:241  Not Found: /api/v1/budget/
ERROR 2026-05-26 22:35:15,084 pid=1124 tasks.cycle_tasks:263  User 56: LESCO fetch trigger failed: Aggregate functions are not allowed in this query (celery_task_id=<MagicMock name='delay().id.resolve_expression().resolve_expression()' id='281473042313040'>).. Falling back to direct predict.
ERROR 2026-05-26 22:35:15,462 pid=1124 tasks.cycle_tasks:263  User 58: LESCO fetch trigger failed: fetch boom. Falling back to direct predict.
WARNING 2026-05-26 22:35:15,608 pid=1124 tasks.cycle_tasks:120  User 59: IoT query failed in rollover: DB gone
ERROR 2026-05-26 22:35:15,611 pid=1124 tasks.cycle_tasks:263  User 59: LESCO fetch trigger failed: Aggregate functions are not allowed in this query (celery_task_id=<MagicMock name='delay().id.resolve_expression().resolve_expression()' id='281473038941136'>).. Falling back to direct predict.
ERROR 2026-05-26 22:35:18,890 pid=1124 apps:23  Unhandled exception in view
Traceback (most recent call last):
  File "/usr/local/lib/python3.11/site-packages/rest_framework/views.py", line 506, in dispatch
    response = handler(request, *args, **kwargs)
               ^^^^^^^^^^^^^^^^^^^^^^^^^^^^^^^^^
  File "/app/apps/predictions/views.py", line 255, in get
    "current_bill_pkr":    ctx["current_bill_pkr"],
                           ~~~^^^^^^^^^^^^^^^^^^^^
KeyError: 'current_bill_pkr'
ERROR 2026-05-26 22:35:18,893 pid=1124 middleware:32  GET /api/v1/predictions/iot-status/ → 500 (5.8ms) user=80 size=66B
ERROR 2026-05-26 22:35:18,894 pid=1124 django.request:241  Internal Server Error: /api/v1/predictions/iot-status/
WARNING 2026-05-26 22:35:19,097 pid=1124 middleware:34  POST /api/v1/predictions/generate/ → 400 (1.9ms) user=81 size=105B
WARNING 2026-05-26 22:35:19,098 pid=1124 django.request:241  Bad Request: /api/v1/predictions/generate/
WARNING 2026-05-26 22:35:19,246 pid=1124 middleware:34  POST /api/v1/predictions/generate/ → 400 (1.3ms) user=82 size=105B
WARNING 2026-05-26 22:35:19,246 pid=1124 django.request:241  Bad Request: /api/v1/predictions/generate/
WARNING 2026-05-26 22:35:19,675 pid=1124 middleware:34  POST /api/v1/predictions/generate/ → 401 (0.2ms) user=- size=58B
WARNING 2026-05-26 22:35:19,675 pid=1124 django.request:241  Unauthorized: /api/v1/predictions/generate/
WARNING 2026-05-26 22:35:20,001 pid=1124 middleware:34  GET /api/v1/predictions/latest/ → 404 (1.2ms) user=86 size=32B
WARNING 2026-05-26 22:35:20,001 pid=1124 django.request:241  Not Found: /api/v1/predictions/latest/
WARNING 2026-05-26 22:35:50,006 pid=1161 middleware:34  POST /api/v1/auth/register/ → 400 (2.7ms) user=- size=96B
WARNING 2026-05-26 22:35:50,007 pid=1161 django.request:241  Bad Request: /api/v1/auth/register/
WARNING 2026-05-26 22:35:50,153 pid=1161 middleware:34  POST /api/v1/auth/register/ → 400 (2.1ms) user=- size=116B
WARNING 2026-05-26 22:35:50,154 pid=1161 django.request:241  Bad Request: /api/v1/auth/register/
WARNING 2026-05-26 22:35:50,158 pid=1161 middleware:34  POST /api/v1/auth/register/ → 400 (1.8ms) user=- size=138B
WARNING 2026-05-26 22:35:50,158 pid=1161 django.request:241  Bad Request: /api/v1/auth/register/
WARNING 2026-05-26 22:35:50,161 pid=1161 middleware:34  POST /api/v1/auth/register/ → 400 (1.2ms) user=- size=90B
WARNING 2026-05-26 22:35:50,161 pid=1161 django.request:241  Bad Request: /api/v1/auth/register/
WARNING 2026-05-26 22:35:51,036 pid=1161 middleware:34  POST /api/v1/auth/login/ → 401 (143.2ms) user=- size=63B
WARNING 2026-05-26 22:35:51,037 pid=1161 django.request:241  Unauthorized: /api/v1/auth/login/
WARNING 2026-05-26 22:35:51,184 pid=1161 middleware:34  POST /api/v1/auth/login/ → 401 (144.6ms) user=- size=63B
WARNING 2026-05-26 22:35:51,184 pid=1161 django.request:241  Unauthorized: /api/v1/auth/login/
WARNING 2026-05-26 22:35:51,331 pid=1161 middleware:34  POST /api/v1/auth/login/ → 400 (0.4ms) user=- size=96B
WARNING 2026-05-26 22:35:51,331 pid=1161 django.request:241  Bad Request: /api/v1/auth/login/
WARNING 2026-05-26 22:35:51,334 pid=1161 middleware:34  GET /api/v1/auth/me/ → 401 (0.4ms) user=- size=58B
WARNING 2026-05-26 22:35:51,334 pid=1161 django.request:241  Unauthorized: /api/v1/auth/me/
WARNING 2026-05-26 22:35:52,989 pid=1161 middleware:34  POST /api/v1/auth/change-password/ → 400 (144.9ms) user=16 size=38B
WARNING 2026-05-26 22:35:52,990 pid=1161 django.request:241  Bad Request: /api/v1/auth/change-password/
WARNING 2026-05-26 22:35:53,138 pid=1161 middleware:34  POST /api/v1/auth/change-password/ → 400 (0.6ms) user=17 size=104B
WARNING 2026-05-26 22:35:53,138 pid=1161 django.request:241  Bad Request: /api/v1/auth/change-password/
WARNING 2026-05-26 22:35:53,586 pid=1161 apps.accounts.views:54  Logout failed (bad/missing refresh token): Token is invalid or expired
WARNING 2026-05-26 22:35:53,587 pid=1161 middleware:34  POST /api/v1/auth/logout/ → 400 (0.9ms) user=19 size=27B
WARNING 2026-05-26 22:35:53,587 pid=1161 django.request:241  Bad Request: /api/v1/auth/logout/
WARNING 2026-05-26 22:35:53,743 pid=1161 apps.accounts.views:54  Logout failed (bad/missing refresh token): 'refresh'
WARNING 2026-05-26 22:35:53,743 pid=1161 middleware:34  POST /api/v1/auth/logout/ → 400 (0.8ms) user=20 size=27B
WARNING 2026-05-26 22:35:53,743 pid=1161 django.request:241  Bad Request: /api/v1/auth/logout/
WARNING 2026-05-26 22:35:54,205 pid=1161 middleware:34  GET /api/v1/appliances/ → 401 (0.8ms) user=- size=58B
WARNING 2026-05-26 22:35:54,206 pid=1161 django.request:241  Unauthorized: /api/v1/appliances/
WARNING 2026-05-26 22:35:54,208 pid=1161 middleware:34  POST /api/v1/appliances/analyze/ → 401 (0.3ms) user=- size=58B
WARNING 2026-05-26 22:35:54,208 pid=1161 django.request:241  Unauthorized: /api/v1/appliances/analyze/
WARNING 2026-05-26 22:35:55,689 pid=1161 middleware:34  GET /api/v1/appliances/15/ → 404 (0.8ms) user=32 size=54B
WARNING 2026-05-26 22:35:55,689 pid=1161 django.request:241  Not Found: /api/v1/appliances/15/
WARNING 2026-05-26 22:35:55,692 pid=1161 middleware:34  GET /api/v1/appliances/catalog/ → 401 (0.2ms) user=- size=58B
WARNING 2026-05-26 22:35:55,692 pid=1161 django.request:241  Unauthorized: /api/v1/appliances/catalog/
WARNING 2026-05-26 22:35:56,279 pid=1161 middleware:34  POST /api/v1/appliances/analyze/ → 400 (0.4ms) user=37 size=100B
WARNING 2026-05-26 22:35:56,279 pid=1161 django.request:241  Bad Request: /api/v1/appliances/analyze/
WARNING 2026-05-26 22:35:56,590 pid=1161 middleware:34  POST /api/v1/appliances/optimize/ → 400 (1.0ms) user=39 size=96B
WARNING 2026-05-26 22:35:56,590 pid=1161 django.request:241  Bad Request: /api/v1/appliances/optimize/
WARNING 2026-05-26 22:35:56,888 pid=1161 middleware:34  POST /api/v1/appliances/optimize/ → 400 (1.1ms) user=41 size=96B
WARNING 2026-05-26 22:35:56,888 pid=1161 django.request:241  Bad Request: /api/v1/appliances/optimize/
WARNING 2026-05-26 22:35:56,891 pid=1161 middleware:34  GET /api/v1/budget/ → 401 (0.3ms) user=- size=58B
WARNING 2026-05-26 22:35:56,891 pid=1161 django.request:241  Unauthorized: /api/v1/budget/
WARNING 2026-05-26 22:35:57,037 pid=1161 middleware:34  GET /api/v1/budget/ → 404 (0.7ms) user=42 size=34B
WARNING 2026-05-26 22:35:57,037 pid=1161 django.request:241  Not Found: /api/v1/budget/
ERROR 2026-05-26 22:35:59,163 pid=1161 tasks.cycle_tasks:263  User 56: LESCO fetch trigger failed: Aggregate functions are not allowed in this query (celery_task_id=<MagicMock name='delay().id.resolve_expression().resolve_expression()' id='281472815432016'>).. Falling back to direct predict.
ERROR 2026-05-26 22:35:59,511 pid=1161 tasks.cycle_tasks:263  User 58: LESCO fetch trigger failed: fetch boom. Falling back to direct predict.
WARNING 2026-05-26 22:35:59,656 pid=1161 tasks.cycle_tasks:120  User 59: IoT query failed in rollover: DB gone
ERROR 2026-05-26 22:35:59,659 pid=1161 tasks.cycle_tasks:263  User 59: LESCO fetch trigger failed: Aggregate functions are not allowed in this query (celery_task_id=<MagicMock name='delay().id.resolve_expression().resolve_expression()' id='281472793628688'>).. Falling back to direct predict.
WARNING 2026-05-26 22:36:03,196 pid=1161 middleware:34  POST /api/v1/predictions/generate/ → 400 (2.3ms) user=81 size=105B
WARNING 2026-05-26 22:36:03,197 pid=1161 django.request:241  Bad Request: /api/v1/predictions/generate/
WARNING 2026-05-26 22:36:03,343 pid=1161 middleware:34  POST /api/v1/predictions/generate/ → 400 (1.2ms) user=82 size=105B
WARNING 2026-05-26 22:36:03,344 pid=1161 django.request:241  Bad Request: /api/v1/predictions/generate/
WARNING 2026-05-26 22:36:03,771 pid=1161 middleware:34  POST /api/v1/predictions/generate/ → 401 (0.5ms) user=- size=58B
WARNING 2026-05-26 22:36:03,772 pid=1161 django.request:241  Unauthorized: /api/v1/predictions/generate/
WARNING 2026-05-26 22:36:04,101 pid=1161 middleware:34  GET /api/v1/predictions/latest/ → 404 (2.0ms) user=86 size=32B
WARNING 2026-05-26 22:36:04,101 pid=1161 django.request:241  Not Found: /api/v1/predictions/latest/
WARNING 2026-05-27 00:21:30,461 pid=31 middleware:34  GET /api/v1/notifications/unread/ → 401 (14.4ms) user=- size=183B
WARNING 2026-05-27 00:21:30,463 pid=31 django.request:241  Unauthorized: /api/v1/notifications/unread/
WARNING 2026-05-27 01:21:30,493 pid=31 middleware:34  GET /api/v1/notifications/unread/ → 401 (12.6ms) user=- size=183B
WARNING 2026-05-27 01:21:30,502 pid=31 django.request:241  Unauthorized: /api/v1/notifications/unread/
WARNING 2026-05-27 02:21:30,366 pid=31 middleware:34  GET /api/v1/notifications/unread/ → 401 (14.1ms) user=- size=183B
WARNING 2026-05-27 02:21:30,368 pid=31 django.request:241  Unauthorized: /api/v1/notifications/unread/
WARNING 2026-05-27 03:22:29,830 pid=31 middleware:34  GET /api/v1/notifications/unread/ → 401 (10.3ms) user=- size=183B
WARNING 2026-05-27 03:22:29,833 pid=31 django.request:241  Unauthorized: /api/v1/notifications/unread/
WARNING 2026-05-27 04:52:49,694 pid=31 middleware:34  GET /api/v1/notifications/unread/ → 401 (8.9ms) user=- size=183B
WARNING 2026-05-27 04:52:49,699 pid=31 django.request:241  Unauthorized: /api/v1/notifications/unread/
WARNING 2026-05-27 06:11:11,416 pid=31 middleware:34  GET /api/v1/notifications/unread/ → 401 (18.6ms) user=- size=183B
WARNING 2026-05-27 06:11:11,419 pid=31 django.request:241  Unauthorized: /api/v1/notifications/unread/
WARNING 2026-05-27 07:18:52,867 pid=31 middleware:34  GET /api/v1/notifications/unread/ → 401 (7.9ms) user=- size=183B
WARNING 2026-05-27 07:18:52,870 pid=31 django.request:241  Unauthorized: /api/v1/notifications/unread/
WARNING 2026-05-27 08:20:40,293 pid=31 middleware:34  GET /api/v1/notifications/unread/ → 401 (9.6ms) user=- size=183B
WARNING 2026-05-27 08:20:40,298 pid=31 django.request:241  Unauthorized: /api/v1/notifications/unread/
WARNING 2026-05-27 09:30:49,579 pid=31 middleware:34  GET /api/v1/notifications/unread/ → 401 (8.5ms) user=- size=183B
WARNING 2026-05-27 09:30:49,587 pid=31 django.request:241  Unauthorized: /api/v1/notifications/unread/
WARNING 2026-05-27 10:36:15,983 pid=31 middleware:34  GET /api/v1/notifications/unread/ → 401 (6.9ms) user=- size=183B
WARNING 2026-05-27 10:36:15,986 pid=31 django.request:241  Unauthorized: /api/v1/notifications/unread/
WARNING 2026-05-27 12:09:21,082 pid=31 middleware:34  GET /api/v1/notifications/unread/ → 401 (6.3ms) user=- size=183B
WARNING 2026-05-27 12:09:21,084 pid=31 django.request:241  Unauthorized: /api/v1/notifications/unread/
WARNING 2026-05-27 14:30:16,924 pid=31 middleware:34  GET /api/v1/notifications/unread/ → 401 (5.0ms) user=- size=183B
WARNING 2026-05-27 14:30:16,928 pid=31 django.request:241  Unauthorized: /api/v1/notifications/unread/
WARNING 2026-05-27 15:30:21,099 pid=31 middleware:34  GET /api/v1/notifications/unread/ → 401 (8.4ms) user=- size=183B
WARNING 2026-05-27 15:30:21,105 pid=31 django.request:241  Unauthorized: /api/v1/notifications/unread/
WARNING 2026-05-27 16:30:22,761 pid=31 middleware:34  GET /api/v1/predictions/iot-status/ → 401 (4.7ms) user=- size=183B
WARNING 2026-05-27 16:30:22,765 pid=31 django.request:241  Unauthorized: /api/v1/predictions/iot-status/
WARNING 2026-05-27 17:31:05,566 pid=38 middleware:34  GET /api/v1/notifications/unread/ → 401 (26.0ms) user=- size=183B
WARNING 2026-05-27 17:31:05,571 pid=38 django.request:241  Unauthorized: /api/v1/notifications/unread/
WARNING 2026-05-27 18:40:57,996 pid=38 middleware:34  GET /api/v1/notifications/unread/ → 401 (8.3ms) user=- size=183B
WARNING 2026-05-27 18:40:58,002 pid=38 django.request:241  Unauthorized: /api/v1/notifications/unread/
WARNING 2026-05-27 20:14:56,781 pid=38 middleware:34  GET /api/v1/notifications/unread/ → 401 (14.6ms) user=- size=183B
WARNING 2026-05-27 20:14:56,786 pid=38 django.request:241  Unauthorized: /api/v1/notifications/unread/
WARNING 2026-05-27 21:15:44,753 pid=38 middleware:34  GET /api/v1/predictions/iot-status/ → 401 (28.1ms) user=- size=183B
WARNING 2026-05-27 21:15:44,754 pid=38 middleware:34  GET /api/v1/notifications/unread/ → 401 (28.8ms) user=- size=183B
WARNING 2026-05-27 21:15:44,764 pid=38 django.request:241  Unauthorized: /api/v1/predictions/iot-status/
WARNING 2026-05-27 21:15:44,772 pid=38 django.request:241  Unauthorized: /api/v1/notifications/unread/
ERROR 2026-05-27 21:25:14,569 pid=38 django.security.DisallowedHost:124  Invalid HTTP_HOST header: '192.168.1.52:8000'. You may need to add '192.168.1.52' to ALLOWED_HOSTS.
Traceback (most recent call last):
  File "/usr/local/lib/python3.11/site-packages/django/core/handlers/exception.py", line 55, in inner
    response = get_response(request)
               ^^^^^^^^^^^^^^^^^^^^^
  File "/usr/local/lib/python3.11/site-packages/django/utils/deprecation.py", line 133, in __call__
    response = self.process_request(request)
               ^^^^^^^^^^^^^^^^^^^^^^^^^^^^^
  File "/usr/local/lib/python3.11/site-packages/django/middleware/common.py", line 48, in process_request
    host = request.get_host()
           ^^^^^^^^^^^^^^^^^^
  File "/usr/local/lib/python3.11/site-packages/django/http/request.py", line 151, in get_host
    raise DisallowedHost(msg)
django.core.exceptions.DisallowedHost: Invalid HTTP_HOST header: '192.168.1.52:8000'. You may need to add '192.168.1.52' to ALLOWED_HOSTS.
WARNING 2026-05-27 21:25:14,820 pid=38 django.request:241  Bad Request: /api/v1/auth/login/
ERROR 2026-05-27 21:25:50,140 pid=38 django.security.DisallowedHost:124  Invalid HTTP_HOST header: '192.168.1.52:8000'. You may need to add '192.168.1.52' to ALLOWED_HOSTS.
Traceback (most recent call last):
  File "/usr/local/lib/python3.11/site-packages/django/core/handlers/exception.py", line 55, in inner
    response = get_response(request)
               ^^^^^^^^^^^^^^^^^^^^^
  File "/usr/local/lib/python3.11/site-packages/django/utils/deprecation.py", line 133, in __call__
    response = self.process_request(request)
               ^^^^^^^^^^^^^^^^^^^^^^^^^^^^^
  File "/usr/local/lib/python3.11/site-packages/django/middleware/common.py", line 48, in process_request
    host = request.get_host()
           ^^^^^^^^^^^^^^^^^^
  File "/usr/local/lib/python3.11/site-packages/django/http/request.py", line 151, in get_host
    raise DisallowedHost(msg)
django.core.exceptions.DisallowedHost: Invalid HTTP_HOST header: '192.168.1.52:8000'. You may need to add '192.168.1.52' to ALLOWED_HOSTS.
WARNING 2026-05-27 21:25:50,185 pid=38 django.request:241  Bad Request: /api/v1/auth/login/
ERROR 2026-05-27 21:27:28,240 pid=38 django.security.DisallowedHost:124  Invalid HTTP_HOST header: '192.168.1.52:8000'. You may need to add '192.168.1.52' to ALLOWED_HOSTS.
Traceback (most recent call last):
  File "/usr/local/lib/python3.11/site-packages/django/core/handlers/exception.py", line 55, in inner
    response = get_response(request)
               ^^^^^^^^^^^^^^^^^^^^^
  File "/usr/local/lib/python3.11/site-packages/django/utils/deprecation.py", line 133, in __call__
    response = self.process_request(request)
               ^^^^^^^^^^^^^^^^^^^^^^^^^^^^^
  File "/usr/local/lib/python3.11/site-packages/django/middleware/common.py", line 48, in process_request
    host = request.get_host()
           ^^^^^^^^^^^^^^^^^^
  File "/usr/local/lib/python3.11/site-packages/django/http/request.py", line 151, in get_host
    raise DisallowedHost(msg)
django.core.exceptions.DisallowedHost: Invalid HTTP_HOST header: '192.168.1.52:8000'. You may need to add '192.168.1.52' to ALLOWED_HOSTS.
WARNING 2026-05-27 21:27:28,278 pid=38 django.request:241  Bad Request: /api/v1/auth/login/
ERROR 2026-05-27 21:27:39,092 pid=38 django.security.DisallowedHost:124  Invalid HTTP_HOST header: '192.168.1.52:8000'. You may need to add '192.168.1.52' to ALLOWED_HOSTS.
Traceback (most recent call last):
  File "/usr/local/lib/python3.11/site-packages/django/core/handlers/exception.py", line 55, in inner
    response = get_response(request)
               ^^^^^^^^^^^^^^^^^^^^^
  File "/usr/local/lib/python3.11/site-packages/django/utils/deprecation.py", line 133, in __call__
    response = self.process_request(request)
               ^^^^^^^^^^^^^^^^^^^^^^^^^^^^^
  File "/usr/local/lib/python3.11/site-packages/django/middleware/common.py", line 48, in process_request
    host = request.get_host()
           ^^^^^^^^^^^^^^^^^^
  File "/usr/local/lib/python3.11/site-packages/django/http/request.py", line 151, in get_host
    raise DisallowedHost(msg)
django.core.exceptions.DisallowedHost: Invalid HTTP_HOST header: '192.168.1.52:8000'. You may need to add '192.168.1.52' to ALLOWED_HOSTS.
WARNING 2026-05-27 21:27:39,129 pid=38 django.request:241  Bad Request: /api/v1/auth/login/
ERROR 2026-05-27 21:28:03,014 pid=38 django.security.DisallowedHost:124  Invalid HTTP_HOST header: '192.168.1.52:8000'. You may need to add '192.168.1.52' to ALLOWED_HOSTS.
Traceback (most recent call last):
  File "/usr/local/lib/python3.11/site-packages/django/core/handlers/exception.py", line 55, in inner
    response = get_response(request)
               ^^^^^^^^^^^^^^^^^^^^^
  File "/usr/local/lib/python3.11/site-packages/django/utils/deprecation.py", line 133, in __call__
    response = self.process_request(request)
               ^^^^^^^^^^^^^^^^^^^^^^^^^^^^^
  File "/usr/local/lib/python3.11/site-packages/django/middleware/common.py", line 48, in process_request
    host = request.get_host()
           ^^^^^^^^^^^^^^^^^^
  File "/usr/local/lib/python3.11/site-packages/django/http/request.py", line 151, in get_host
    raise DisallowedHost(msg)
django.core.exceptions.DisallowedHost: Invalid HTTP_HOST header: '192.168.1.52:8000'. You may need to add '192.168.1.52' to ALLOWED_HOSTS.
WARNING 2026-05-27 21:28:03,040 pid=38 django.request:241  Bad Request: /api/v1/auth/login/
ERROR 2026-05-27 21:28:47,778 pid=38 django.security.DisallowedHost:124  Invalid HTTP_HOST header: '192.168.1.52:8000'. You may need to add '192.168.1.52' to ALLOWED_HOSTS.
Traceback (most recent call last):
  File "/usr/local/lib/python3.11/site-packages/django/core/handlers/exception.py", line 55, in inner
    response = get_response(request)
               ^^^^^^^^^^^^^^^^^^^^^
  File "/usr/local/lib/python3.11/site-packages/django/utils/deprecation.py", line 133, in __call__
    response = self.process_request(request)
               ^^^^^^^^^^^^^^^^^^^^^^^^^^^^^
  File "/usr/local/lib/python3.11/site-packages/django/middleware/common.py", line 48, in process_request
    host = request.get_host()
           ^^^^^^^^^^^^^^^^^^
  File "/usr/local/lib/python3.11/site-packages/django/http/request.py", line 151, in get_host
    raise DisallowedHost(msg)
django.core.exceptions.DisallowedHost: Invalid HTTP_HOST header: '192.168.1.52:8000'. You may need to add '192.168.1.52' to ALLOWED_HOSTS.
WARNING 2026-05-27 21:28:47,820 pid=38 django.request:241  Bad Request: /api/v1/auth/login/
ERROR 2026-05-27 21:28:48,622 pid=38 django.security.DisallowedHost:124  Invalid HTTP_HOST header: '192.168.1.52:8000'. You may need to add '192.168.1.52' to ALLOWED_HOSTS.
Traceback (most recent call last):
  File "/usr/local/lib/python3.11/site-packages/django/core/handlers/exception.py", line 55, in inner
    response = get_response(request)
               ^^^^^^^^^^^^^^^^^^^^^
  File "/usr/local/lib/python3.11/site-packages/django/utils/deprecation.py", line 133, in __call__
    response = self.process_request(request)
               ^^^^^^^^^^^^^^^^^^^^^^^^^^^^^
  File "/usr/local/lib/python3.11/site-packages/django/middleware/common.py", line 48, in process_request
    host = request.get_host()
           ^^^^^^^^^^^^^^^^^^
  File "/usr/local/lib/python3.11/site-packages/django/http/request.py", line 151, in get_host
    raise DisallowedHost(msg)
django.core.exceptions.DisallowedHost: Invalid HTTP_HOST header: '192.168.1.52:8000'. You may need to add '192.168.1.52' to ALLOWED_HOSTS.
WARNING 2026-05-27 21:28:48,642 pid=38 django.request:241  Bad Request: /api/v1/auth/login/
ERROR 2026-05-27 21:30:07,494 pid=37 django.security.DisallowedHost:124  Invalid HTTP_HOST header: '192.168.1.52:8000'. You may need to add '192.168.1.52' to ALLOWED_HOSTS.
Traceback (most recent call last):
  File "/usr/local/lib/python3.11/site-packages/django/core/handlers/exception.py", line 55, in inner
    response = get_response(request)
               ^^^^^^^^^^^^^^^^^^^^^
  File "/usr/local/lib/python3.11/site-packages/django/utils/deprecation.py", line 133, in __call__
    response = self.process_request(request)
               ^^^^^^^^^^^^^^^^^^^^^^^^^^^^^
  File "/usr/local/lib/python3.11/site-packages/django/middleware/common.py", line 48, in process_request
    host = request.get_host()
           ^^^^^^^^^^^^^^^^^^
  File "/usr/local/lib/python3.11/site-packages/django/http/request.py", line 151, in get_host
    raise DisallowedHost(msg)
django.core.exceptions.DisallowedHost: Invalid HTTP_HOST header: '192.168.1.52:8000'. You may need to add '192.168.1.52' to ALLOWED_HOSTS.
WARNING 2026-05-27 21:30:07,549 pid=37 django.request:241  Bad Request: /api/v1/auth/login/
ERROR 2026-05-27 21:30:16,279 pid=37 django.security.DisallowedHost:124  Invalid HTTP_HOST header: '192.168.1.52:8000'. You may need to add '192.168.1.52' to ALLOWED_HOSTS.
Traceback (most recent call last):
  File "/usr/local/lib/python3.11/site-packages/django/core/handlers/exception.py", line 55, in inner
    response = get_response(request)
               ^^^^^^^^^^^^^^^^^^^^^
  File "/usr/local/lib/python3.11/site-packages/django/utils/deprecation.py", line 133, in __call__
    response = self.process_request(request)
               ^^^^^^^^^^^^^^^^^^^^^^^^^^^^^
  File "/usr/local/lib/python3.11/site-packages/django/middleware/common.py", line 48, in process_request
    host = request.get_host()
           ^^^^^^^^^^^^^^^^^^
  File "/usr/local/lib/python3.11/site-packages/django/http/request.py", line 151, in get_host
    raise DisallowedHost(msg)
django.core.exceptions.DisallowedHost: Invalid HTTP_HOST header: '192.168.1.52:8000'. You may need to add '192.168.1.52' to ALLOWED_HOSTS.
WARNING 2026-05-27 21:30:16,317 pid=37 django.request:241  Bad Request: /api/v1/auth/login/
ERROR 2026-05-27 21:30:18,062 pid=37 django.security.DisallowedHost:124  Invalid HTTP_HOST header: '192.168.1.52:8000'. You may need to add '192.168.1.52' to ALLOWED_HOSTS.
Traceback (most recent call last):
  File "/usr/local/lib/python3.11/site-packages/django/core/handlers/exception.py", line 55, in inner
    response = get_response(request)
               ^^^^^^^^^^^^^^^^^^^^^
  File "/usr/local/lib/python3.11/site-packages/django/utils/deprecation.py", line 133, in __call__
    response = self.process_request(request)
               ^^^^^^^^^^^^^^^^^^^^^^^^^^^^^
  File "/usr/local/lib/python3.11/site-packages/django/middleware/common.py", line 48, in process_request
    host = request.get_host()
           ^^^^^^^^^^^^^^^^^^
  File "/usr/local/lib/python3.11/site-packages/django/http/request.py", line 151, in get_host
    raise DisallowedHost(msg)
django.core.exceptions.DisallowedHost: Invalid HTTP_HOST header: '192.168.1.52:8000'. You may need to add '192.168.1.52' to ALLOWED_HOSTS.
WARNING 2026-05-27 21:30:18,088 pid=37 django.request:241  Bad Request: /api/v1/auth/login/
ERROR 2026-05-27 21:30:19,055 pid=37 django.security.DisallowedHost:124  Invalid HTTP_HOST header: '192.168.1.52:8000'. You may need to add '192.168.1.52' to ALLOWED_HOSTS.
Traceback (most recent call last):
  File "/usr/local/lib/python3.11/site-packages/django/core/handlers/exception.py", line 55, in inner
    response = get_response(request)
               ^^^^^^^^^^^^^^^^^^^^^
  File "/usr/local/lib/python3.11/site-packages/django/utils/deprecation.py", line 133, in __call__
    response = self.process_request(request)
               ^^^^^^^^^^^^^^^^^^^^^^^^^^^^^
  File "/usr/local/lib/python3.11/site-packages/django/middleware/common.py", line 48, in process_request
    host = request.get_host()
           ^^^^^^^^^^^^^^^^^^
  File "/usr/local/lib/python3.11/site-packages/django/http/request.py", line 151, in get_host
    raise DisallowedHost(msg)
django.core.exceptions.DisallowedHost: Invalid HTTP_HOST header: '192.168.1.52:8000'. You may need to add '192.168.1.52' to ALLOWED_HOSTS.
WARNING 2026-05-27 21:30:19,080 pid=37 django.request:241  Bad Request: /api/v1/auth/login/
ERROR 2026-05-27 21:31:19,641 pid=37 django.security.DisallowedHost:124  Invalid HTTP_HOST header: '192.168.1.52:8000'. You may need to add '192.168.1.52' to ALLOWED_HOSTS.
Traceback (most recent call last):
  File "/usr/local/lib/python3.11/site-packages/django/core/handlers/exception.py", line 55, in inner
    response = get_response(request)
               ^^^^^^^^^^^^^^^^^^^^^
  File "/usr/local/lib/python3.11/site-packages/django/utils/deprecation.py", line 133, in __call__
    response = self.process_request(request)
               ^^^^^^^^^^^^^^^^^^^^^^^^^^^^^
  File "/usr/local/lib/python3.11/site-packages/django/middleware/common.py", line 48, in process_request
    host = request.get_host()
           ^^^^^^^^^^^^^^^^^^
  File "/usr/local/lib/python3.11/site-packages/django/http/request.py", line 151, in get_host
    raise DisallowedHost(msg)
django.core.exceptions.DisallowedHost: Invalid HTTP_HOST header: '192.168.1.52:8000'. You may need to add '192.168.1.52' to ALLOWED_HOSTS.
WARNING 2026-05-27 21:31:19,658 pid=37 django.request:241  Bad Request: /api/v1/auth/login/
ERROR 2026-05-27 21:31:31,392 pid=37 django.security.DisallowedHost:124  Invalid HTTP_HOST header: '192.168.1.52:8000'. You may need to add '192.168.1.52' to ALLOWED_HOSTS.
Traceback (most recent call last):
  File "/usr/local/lib/python3.11/site-packages/django/core/handlers/exception.py", line 55, in inner
    response = get_response(request)
               ^^^^^^^^^^^^^^^^^^^^^
  File "/usr/local/lib/python3.11/site-packages/django/utils/deprecation.py", line 133, in __call__
    response = self.process_request(request)
               ^^^^^^^^^^^^^^^^^^^^^^^^^^^^^
  File "/usr/local/lib/python3.11/site-packages/django/middleware/common.py", line 48, in process_request
    host = request.get_host()
           ^^^^^^^^^^^^^^^^^^
  File "/usr/local/lib/python3.11/site-packages/django/http/request.py", line 151, in get_host
    raise DisallowedHost(msg)
django.core.exceptions.DisallowedHost: Invalid HTTP_HOST header: '192.168.1.52:8000'. You may need to add '192.168.1.52' to ALLOWED_HOSTS.
WARNING 2026-05-27 21:31:31,416 pid=37 django.request:241  Bad Request: /api/v1/auth/login/
ERROR 2026-05-27 21:33:05,968 pid=37 django.security.DisallowedHost:124  Invalid HTTP_HOST header: '192.168.1.52:8000'. You may need to add '192.168.1.52' to ALLOWED_HOSTS.
Traceback (most recent call last):
  File "/usr/local/lib/python3.11/site-packages/django/core/handlers/exception.py", line 55, in inner
    response = get_response(request)
               ^^^^^^^^^^^^^^^^^^^^^
  File "/usr/local/lib/python3.11/site-packages/django/utils/deprecation.py", line 133, in __call__
    response = self.process_request(request)
               ^^^^^^^^^^^^^^^^^^^^^^^^^^^^^
  File "/usr/local/lib/python3.11/site-packages/django/middleware/common.py", line 48, in process_request
    host = request.get_host()
           ^^^^^^^^^^^^^^^^^^
  File "/usr/local/lib/python3.11/site-packages/django/http/request.py", line 151, in get_host
    raise DisallowedHost(msg)
django.core.exceptions.DisallowedHost: Invalid HTTP_HOST header: '192.168.1.52:8000'. You may need to add '192.168.1.52' to ALLOWED_HOSTS.
WARNING 2026-05-27 21:33:05,990 pid=37 django.request:241  Bad Request: /api/v1/auth/login/
ERROR 2026-05-27 21:33:56,194 pid=37 django.security.DisallowedHost:124  Invalid HTTP_HOST header: '192.168.1.52:8000'. You may need to add '192.168.1.52' to ALLOWED_HOSTS.
Traceback (most recent call last):
  File "/usr/local/lib/python3.11/site-packages/django/core/handlers/exception.py", line 55, in inner
    response = get_response(request)
               ^^^^^^^^^^^^^^^^^^^^^
  File "/usr/local/lib/python3.11/site-packages/django/utils/deprecation.py", line 133, in __call__
    response = self.process_request(request)
               ^^^^^^^^^^^^^^^^^^^^^^^^^^^^^
  File "/usr/local/lib/python3.11/site-packages/django/middleware/common.py", line 48, in process_request
    host = request.get_host()
           ^^^^^^^^^^^^^^^^^^
  File "/usr/local/lib/python3.11/site-packages/django/http/request.py", line 151, in get_host
    raise DisallowedHost(msg)
django.core.exceptions.DisallowedHost: Invalid HTTP_HOST header: '192.168.1.52:8000'. You may need to add '192.168.1.52' to ALLOWED_HOSTS.
WARNING 2026-05-27 21:33:56,230 pid=37 django.request:241  Bad Request: /api/v1/auth/login/
ERROR 2026-05-27 21:34:04,732 pid=37 django.security.DisallowedHost:124  Invalid HTTP_HOST header: '192.168.1.52:8000'. You may need to add '192.168.1.52' to ALLOWED_HOSTS.
Traceback (most recent call last):
  File "/usr/local/lib/python3.11/site-packages/django/core/handlers/exception.py", line 55, in inner
    response = get_response(request)
               ^^^^^^^^^^^^^^^^^^^^^
  File "/usr/local/lib/python3.11/site-packages/django/utils/deprecation.py", line 133, in __call__
    response = self.process_request(request)
               ^^^^^^^^^^^^^^^^^^^^^^^^^^^^^
  File "/usr/local/lib/python3.11/site-packages/django/middleware/common.py", line 48, in process_request
    host = request.get_host()
           ^^^^^^^^^^^^^^^^^^
  File "/usr/local/lib/python3.11/site-packages/django/http/request.py", line 151, in get_host
    raise DisallowedHost(msg)
django.core.exceptions.DisallowedHost: Invalid HTTP_HOST header: '192.168.1.52:8000'. You may need to add '192.168.1.52' to ALLOWED_HOSTS.
WARNING 2026-05-27 21:34:04,768 pid=37 django.request:241  Bad Request: /api/v1/auth/login/
WARNING 2026-05-27 21:35:46,891 pid=31 middleware:34  POST /api/v1/auth/login/ → 401 (259.3ms) user=- size=63B
WARNING 2026-05-27 21:35:46,897 pid=31 django.request:241  Unauthorized: /api/v1/auth/login/
WARNING 2026-05-27 21:36:07,947 pid=31 middleware:34  GET /api/v1/bills/jobs/ → 404 (17.0ms) user=- size=5826B
WARNING 2026-05-27 21:36:07,951 pid=31 django.request:241  Not Found: /api/v1/bills/jobs/
WARNING 2026-05-27 21:37:08,727 pid=31 middleware:34  GET /api/v1/predictions/dashboard/ → 404 (12.4ms) user=- size=5913B
WARNING 2026-05-27 21:37:08,729 pid=31 django.request:241  Not Found: /api/v1/predictions/dashboard/
WARNING 2026-05-27 21:37:10,965 pid=31 middleware:34  GET /api/v1/predictions/dashboard/ → 404 (4.5ms) user=- size=5913B
WARNING 2026-05-27 21:37:10,965 pid=31 django.request:241  Not Found: /api/v1/predictions/dashboard/
WARNING 2026-05-27 21:37:13,703 pid=31 middleware:34  GET /api/v1/predictions/dashboard/ → 404 (12.1ms) user=- size=5913B
WARNING 2026-05-27 21:37:13,706 pid=31 django.request:241  Not Found: /api/v1/predictions/dashboard/
WARNING 2026-05-27 22:14:27,870 pid=31 middleware:34  GET /api/v1/predictions/dashboard/ → 404 (26.8ms) user=- size=5913B
WARNING 2026-05-27 22:14:27,874 pid=31 django.request:241  Not Found: /api/v1/predictions/dashboard/
WARNING 2026-05-27 22:14:29,730 pid=31 middleware:34  GET /api/v1/budget/status/ → 404 (10.8ms) user=- size=5326B
WARNING 2026-05-27 22:14:29,733 pid=31 django.request:241  Not Found: /api/v1/budget/status/
WARNING 2026-05-27 22:15:50,214 pid=31 middleware:34  GET /api/v1/predictions/dashboard/ → 404 (20.0ms) user=- size=5913B
WARNING 2026-05-27 22:15:50,216 pid=31 django.request:241  Not Found: /api/v1/predictions/dashboard/
WARNING 2026-05-27 22:16:11,708 pid=31 middleware:34  GET /api/v1/budget/status/ → 404 (15.6ms) user=- size=5326B
WARNING 2026-05-27 22:16:11,710 pid=31 django.request:241  Not Found: /api/v1/budget/status/
WARNING 2026-05-27 22:17:42,934 pid=31 middleware:34  GET /api/v1/predictions/dashboard/ → 404 (29.3ms) user=- size=5913B
WARNING 2026-05-27 22:17:42,938 pid=31 django.request:241  Not Found: /api/v1/predictions/dashboard/
WARNING 2026-05-27 22:17:46,502 pid=31 middleware:34  GET /api/v1/budget/status/ → 404 (16.4ms) user=- size=5326B
WARNING 2026-05-27 22:17:46,503 pid=31 django.request:241  Not Found: /api/v1/budget/status/
WARNING 2026-05-27 22:26:05,811 pid=31 middleware:34  GET /api/v1/notifications/unread/ → 401 (6.9ms) user=- size=183B
WARNING 2026-05-27 22:26:05,815 pid=31 django.request:241  Unauthorized: /api/v1/notifications/unread/
WARNING 2026-05-27 22:30:39,095 pid=31 middleware:34  POST /api/v1/auth/login/ → 401 (188.7ms) user=- size=63B
WARNING 2026-05-27 22:30:39,098 pid=31 django.request:241  Unauthorized: /api/v1/auth/login/
WARNING 2026-05-27 22:30:39,124 pid=31 middleware:34  GET /api/v1/budget/status/ → 404 (6.8ms) user=- size=5326B
WARNING 2026-05-27 22:30:39,125 pid=31 django.request:241  Not Found: /api/v1/budget/status/
WARNING 2026-05-27 22:30:39,140 pid=31 middleware:34  GET /api/v1/budget/ → 401 (1.1ms) user=- size=183B
WARNING 2026-05-27 22:30:39,141 pid=31 django.request:241  Unauthorized: /api/v1/budget/
WARNING 2026-05-27 22:30:39,226 pid=31 middleware:34  GET /api/v1/bills/jobs/ → 404 (3.4ms) user=- size=5826B
WARNING 2026-05-27 22:30:39,227 pid=31 django.request:241  Not Found: /api/v1/bills/jobs/
WARNING 2026-05-27 22:30:39,242 pid=31 middleware:34  GET /api/v1/predictions/dashboard/ → 404 (3.1ms) user=- size=5913B
WARNING 2026-05-27 22:30:39,243 pid=31 django.request:241  Not Found: /api/v1/predictions/dashboard/
WARNING 2026-05-27 22:30:39,256 pid=31 middleware:34  GET /api/v1/predictions/iot-status/ → 401 (0.9ms) user=- size=183B
WARNING 2026-05-27 22:30:39,257 pid=31 django.request:241  Unauthorized: /api/v1/predictions/iot-status/
WARNING 2026-05-27 22:33:42,008 pid=31 middleware:34  POST /api/v1/auth/login/ → 401 (194.3ms) user=- size=63B
WARNING 2026-05-27 22:33:42,011 pid=31 django.request:241  Unauthorized: /api/v1/auth/login/
WARNING 2026-05-27 22:33:42,033 pid=31 middleware:34  GET /api/v1/budget/ → 401 (1.4ms) user=- size=183B
WARNING 2026-05-27 22:33:42,033 pid=31 django.request:241  Unauthorized: /api/v1/budget/
WARNING 2026-05-27 22:33:42,119 pid=31 middleware:34  GET /api/v1/bills/fetch/jobs/ → 401 (3.7ms) user=- size=183B
WARNING 2026-05-27 22:33:42,120 pid=31 django.request:241  Unauthorized: /api/v1/bills/fetch/jobs/
WARNING 2026-05-27 22:33:42,133 pid=31 middleware:34  GET /api/v1/predictions/iot-status/ → 401 (0.7ms) user=- size=183B
WARNING 2026-05-27 22:33:42,134 pid=31 django.request:241  Unauthorized: /api/v1/predictions/iot-status/
WARNING 2026-05-27 22:33:42,219 pid=31 middleware:34  POST /api/v1/notifications/read-all/ → 401 (0.7ms) user=- size=183B
WARNING 2026-05-27 22:33:42,219 pid=31 django.request:241  Unauthorized: /api/v1/notifications/read-all/
WARNING 2026-05-27 22:34:01,732 pid=31 middleware:34  GET /api/v1/budget/ → 401 (10.6ms) user=- size=58B
WARNING 2026-05-27 22:34:01,735 pid=31 django.request:241  Unauthorized: /api/v1/budget/
WARNING 2026-05-27 22:34:01,752 pid=31 middleware:34  GET /api/v1/bills/fetch/jobs/ → 401 (1.0ms) user=- size=58B
WARNING 2026-05-27 22:34:01,753 pid=31 django.request:241  Unauthorized: /api/v1/bills/fetch/jobs/
WARNING 2026-05-27 22:34:01,767 pid=31 middleware:34  GET /api/v1/predictions/iot-status/ → 401 (0.9ms) user=- size=58B
WARNING 2026-05-27 22:34:01,767 pid=31 django.request:241  Unauthorized: /api/v1/predictions/iot-status/
WARNING 2026-05-27 22:34:01,783 pid=31 middleware:34  GET /api/v1/notifications/read-all/ → 401 (2.2ms) user=- size=58B
WARNING 2026-05-27 22:34:01,784 pid=31 django.request:241  Unauthorized: /api/v1/notifications/read-all/
WARNING 2026-05-27 22:38:42,598 pid=31 middleware:34  GET /api/v1/auth/me/ → 401 (9.9ms) user=- size=183B
WARNING 2026-05-27 22:38:42,601 pid=31 django.request:241  Unauthorized: /api/v1/auth/me/
WARNING 2026-05-27 23:03:18,577 pid=31 middleware:34  POST /api/v1/auth/login/ → 401 (185.1ms) user=- size=63B
WARNING 2026-05-27 23:03:18,580 pid=31 django.request:241  Unauthorized: /api/v1/auth/login/
WARNING 2026-05-27 23:03:18,602 pid=31 middleware:34  GET /api/v1/predictions/iot-status/ → 401 (2.5ms) user=- size=183B
WARNING 2026-05-27 23:03:18,603 pid=31 django.request:241  Unauthorized: /api/v1/predictions/iot-status/
WARNING 2026-05-27 23:26:26,785 pid=31 middleware:34  GET /api/v1/notifications/unread/ → 401 (7.6ms) user=- size=183B
WARNING 2026-05-27 23:26:26,788 pid=31 django.request:241  Unauthorized: /api/v1/notifications/unread/
WARNING 2026-05-27 23:31:22,309 pid=31 middleware:34  POST /api/v1/notifications/138/read/ → 405 (20.2ms) user=1 size=41B
WARNING 2026-05-27 23:31:22,311 pid=31 django.request:241  Method Not Allowed: /api/v1/notifications/138/read/
WARNING 2026-05-28 00:26:45,991 pid=31 middleware:34  GET /api/v1/notifications/unread/ → 401 (12.8ms) user=- size=183B
WARNING 2026-05-28 00:26:45,999 pid=31 django.request:241  Unauthorized: /api/v1/notifications/unread/
WARNING 2026-05-28 01:30:48,129 pid=31 middleware:34  GET /api/v1/predictions/latest/ → 404 (17.8ms) user=1 size=32B
WARNING 2026-05-28 01:30:48,135 pid=31 django.request:241  Not Found: /api/v1/predictions/latest/
WARNING 2026-05-28 01:30:48,167 pid=31 middleware:34  GET /api/v1/predictions/latest/ → 404 (21.3ms) user=1 size=32B
WARNING 2026-05-28 01:30:48,168 pid=31 django.request:241  Not Found: /api/v1/predictions/latest/
WARNING 2026-05-28 01:30:49,729 pid=31 middleware:34  GET /api/v1/budget/ → 404 (15.1ms) user=1 size=34B
WARNING 2026-05-28 01:30:49,731 pid=31 django.request:241  Not Found: /api/v1/budget/
WARNING 2026-05-28 01:30:49,758 pid=31 middleware:34  GET /api/v1/budget/ → 404 (14.8ms) user=1 size=34B
WARNING 2026-05-28 01:30:49,766 pid=31 django.request:241  Not Found: /api/v1/budget/
WARNING 2026-05-28 01:44:31,519 pid=31 middleware:34  GET /api/v1/budget/ → 404 (26.5ms) user=1 size=34B
WARNING 2026-05-28 01:44:31,522 pid=31 django.request:241  Not Found: /api/v1/budget/
WARNING 2026-05-28 01:44:31,560 pid=31 middleware:34  GET /api/v1/budget/ → 404 (23.6ms) user=1 size=34B
WARNING 2026-05-28 01:44:31,565 pid=31 django.request:241  Not Found: /api/v1/budget/
WARNING 2026-05-28 01:44:32,893 pid=31 middleware:34  GET /api/v1/budget/ → 404 (40.5ms) user=1 size=34B
WARNING 2026-05-28 01:44:32,895 pid=31 django.request:241  Not Found: /api/v1/budget/
WARNING 2026-05-28 01:44:32,922 pid=31 middleware:34  GET /api/v1/budget/ → 404 (11.0ms) user=1 size=34B
WARNING 2026-05-28 01:44:32,925 pid=31 django.request:241  Not Found: /api/v1/budget/
WARNING 2026-05-28 01:49:23,834 pid=31 middleware:34  GET /api/v1/budget/ → 404 (28.1ms) user=1 size=34B
WARNING 2026-05-28 01:49:23,840 pid=31 django.request:241  Not Found: /api/v1/budget/
WARNING 2026-05-28 01:49:23,867 pid=31 middleware:34  GET /api/v1/budget/ → 404 (16.7ms) user=1 size=34B
WARNING 2026-05-28 01:49:23,868 pid=31 django.request:241  Not Found: /api/v1/budget/
WARNING 2026-05-28 01:49:24,848 pid=31 middleware:34  GET /api/v1/budget/ → 404 (37.7ms) user=1 size=34B
WARNING 2026-05-28 01:49:24,852 pid=31 django.request:241  Not Found: /api/v1/budget/
WARNING 2026-05-28 01:49:24,876 pid=31 middleware:34  GET /api/v1/budget/ → 404 (12.6ms) user=1 size=34B
WARNING 2026-05-28 01:49:24,882 pid=31 django.request:241  Not Found: /api/v1/budget/
WARNING 2026-05-28 01:50:54,537 pid=31 middleware:34  GET /api/v1/budget/ → 404 (18.2ms) user=1 size=34B
WARNING 2026-05-28 01:50:54,541 pid=31 django.request:241  Not Found: /api/v1/budget/
WARNING 2026-05-28 01:50:54,572 pid=31 middleware:34  GET /api/v1/budget/ → 404 (15.0ms) user=1 size=34B
WARNING 2026-05-28 01:50:54,574 pid=31 django.request:241  Not Found: /api/v1/budget/
WARNING 2026-05-28 01:50:55,145 pid=31 middleware:34  GET /api/v1/budget/ → 404 (20.4ms) user=1 size=34B
WARNING 2026-05-28 01:50:55,149 pid=31 django.request:241  Not Found: /api/v1/budget/
WARNING 2026-05-28 01:50:55,176 pid=31 middleware:34  GET /api/v1/budget/ → 404 (13.4ms) user=1 size=34B
WARNING 2026-05-28 01:50:55,180 pid=31 django.request:241  Not Found: /api/v1/budget/
WARNING 2026-05-28 02:04:42,933 pid=31 middleware:34  POST /api/v1/auth/login/ → 401 (191.9ms) user=- size=63B
WARNING 2026-05-28 02:04:42,934 pid=31 django.request:241  Unauthorized: /api/v1/auth/login/
